info @storybook/react v6.5.13
info 
info => Cleaning outputDir: /tmp/chromatic--30820-oPl7N82R4RcE
info => Loading presets
info => Loading custom manager config
info => Compiling manager..
info => Compiling preview..
info Addon-docs: using MDX1
info => Using implicit CSS loaders
info => Using default Webpack5 setup
<s> [webpack.Progress] 0% 

<s> [webpack.Progress] 1% setup before run
<s> [webpack.Progress] 1% setup before run NodeEnvironmentPlugin
<s> [webpack.Progress] 1% setup before run
<s> [webpack.Progress] 2% setup run
<s> [webpack.Progress] 2% setup run
<s> [webpack.Progress] 4% setup normal module factory
<s> [webpack.Progress] 4% setup normal module factory CaseSensitivePathsPlugin
<s> [webpack.Progress] 4% setup normal module factory
<s> [webpack.Progress] 5% setup context module factory
<s> [webpack.Progress] 5% setup context module factory
<s> [webpack.Progress] 6% setup before compile
<s> [webpack.Progress] 6% setup before compile ProgressPlugin
<s> [webpack.Progress] 6% setup before compile
<s> [webpack.Progress] 7% setup compile
<s> [webpack.Progress] 7% setup compile ExternalsPlugin
<s> [webpack.Progress] 7% setup compile
<s> [webpack.Progress] 8% setup compilation
<s> [webpack.Progress] 8% setup compilation ArrayPushCallbackChunkFormatPlugin
<s> [webpack.Progress] 8% setup compilation JsonpChunkLoadingPlugin
<s> [webpack.Progress] 8% setup compilation StartupChunkDependenciesPlugin
<s> [webpack.Progress] 8% setup compilation ImportScriptsChunkLoadingPlugin
<s> [webpack.Progress] 8% setup compilation FetchCompileWasmPlugin
<s> [webpack.Progress] 8% setup compilation FetchCompileAsyncWasmPlugin
<s> [webpack.Progress] 8% setup compilation WorkerPlugin
<s> [webpack.Progress] 8% setup compilation SplitChunksPlugin
<s> [webpack.Progress] 8% setup compilation RuntimeChunkPlugin
<s> [webpack.Progress] 8% setup compilation ResolverCachePlugin
<s> [webpack.Progress] 8% setup compilation HtmlWebpackPlugin
<s> [webpack.Progress] 8% setup compilation
<s> [webpack.Progress] 9% setup compilation
<s> [webpack.Progress] 9% setup compilation DefinePlugin
<s> [webpack.Progress] 9% setup compilation ProvidePlugin
<s> [webpack.Progress] 9% setup compilation ProgressPlugin
<s> [webpack.Progress] 9% setup compilation DocGenPlugin
<s> [webpack.Progress] 9% setup compilation ChunkPrefetchPreloadPlugin
<s> [webpack.Progress] 9% setup compilation SourceMapDevToolPlugin
<s> [webpack.Progress] 9% setup compilation JavascriptModulesPlugin
<s> [webpack.Progress] 9% setup compilation JsonModulesPlugin
<s> [webpack.Progress] 9% setup compilation AssetModulesPlugin
<s> [webpack.Progress] 9% setup compilation EntryPlugin
<s> [webpack.Progress] 9% setup compilation EntryPlugin
<s> [webpack.Progress] 9% setup compilation EntryPlugin
<s> [webpack.Progress] 9% setup compilation RuntimePlugin
<s> [webpack.Progress] 9% setup compilation InferAsyncModulesPlugin
<s> [webpack.Progress] 9% setup compilation DataUriPlugin
<s> [webpack.Progress] 9% setup compilation FileUriPlugin
<s> [webpack.Progress] 9% setup compilation CompatibilityPlugin
<s> [webpack.Progress] 9% setup compilation HarmonyModulesPlugin
<s> [webpack.Progress] 9% setup compilation AMDPlugin
<s> [webpack.Progress] 9% setup compilation RequireJsStuffPlugin
<s> [webpack.Progress] 9% setup compilation CommonJsPlugin
<s> [webpack.Progress] 9% setup compilation LoaderPlugin
<s> [webpack.Progress] 9% setup compilation LoaderPlugin
<s> [webpack.Progress] 9% setup compilation NodeStuffPlugin
<s> [webpack.Progress] 9% setup compilation APIPlugin
<s> [webpack.Progress] 9% setup compilation ExportsInfoApiPlugin
<s> [webpack.Progress] 9% setup compilation WebpackIsIncludedPlugin
<s> [webpack.Progress] 9% setup compilation ConstPlugin
<s> [webpack.Progress] 9% setup compilation UseStrictPlugin
<s> [webpack.Progress] 9% setup compilation RequireIncludePlugin
<s> [webpack.Progress] 9% setup compilation RequireEnsurePlugin
<s> [webpack.Progress] 9% setup compilation RequireContextPlugin
<s> [webpack.Progress] 9% setup compilation ImportPlugin
<s> [webpack.Progress] 9% setup compilation RequireContextPlugin
<s> [webpack.Progress] 9% setup compilation SystemPlugin
<s> [webpack.Progress] 9% setup compilation ImportMetaPlugin
<s> [webpack.Progress] 9% setup compilation URLPlugin
<s> [webpack.Progress] 9% setup compilation DefaultStatsFactoryPlugin
<s> [webpack.Progress] 9% setup compilation DefaultStatsPresetPlugin
<s> [webpack.Progress] 9% setup compilation DefaultStatsPrinterPlugin
<s> [webpack.Progress] 9% setup compilation JavascriptMetaInfoPlugin
<s> [webpack.Progress] 9% setup compilation EnsureChunkConditionsPlugin
<s> [webpack.Progress] 9% setup compilation RemoveEmptyChunksPlugin
<s> [webpack.Progress] 9% setup compilation MergeDuplicateChunksPlugin
<s> [webpack.Progress] 9% setup compilation FlagIncludedChunksPlugin
<s> [webpack.Progress] 9% setup compilation SideEffectsFlagPlugin
<s> [webpack.Progress] 9% setup compilation FlagDependencyExportsPlugin
<s> [webpack.Progress] 9% setup compilation FlagDependencyUsagePlugin
<s> [webpack.Progress] 9% setup compilation InnerGraphPlugin
<s> [webpack.Progress] 9% setup compilation MangleExportsPlugin
<s> [webpack.Progress] 9% setup compilation ModuleConcatenationPlugin
<s> [webpack.Progress] 9% setup compilation NoEmitOnErrorsPlugin
<s> [webpack.Progress] 9% setup compilation RealContentHashPlugin
<s> [webpack.Progress] 9% setup compilation WasmFinalizeExportsPlugin
<s> [webpack.Progress] 9% setup compilation NamedModuleIdsPlugin
<s> [webpack.Progress] 9% setup compilation DeterministicChunkIdsPlugin
<s> [webpack.Progress] 9% setup compilation DefinePlugin
<s> [webpack.Progress] 9% setup compilation TerserPlugin
<s> [webpack.Progress] 9% setup compilation TemplatedPathPlugin
<s> [webpack.Progress] 9% setup compilation RecordIdsPlugin
<s> [webpack.Progress] 9% setup compilation WarnCaseSensitiveModulesPlugin
<s> [webpack.Progress] 9% setup compilation IgnoreWarningsPlugin
<s> [webpack.Progress] 9% setup compilation
<s> [webpack.Progress] 10% building
<s> [webpack.Progress] 10% building 0/1 entries 0/0 dependencies 0/0 modules
info => Loading custom manager config
<s> [webpack.Progress] 10% building import loader ./node_modules/babel-loader/lib/index.js
<s> [webpack.Progress] 10% building 0/3 entries 1/3 dependencies 0/1 modules
<s> [webpack.Progress] 10% building 0/3 entries 4/25 dependencies 0/4 modules
<s> [webpack.Progress] 25% building 1/3 entries 18/66 dependencies 4/15 modules
<s> [webpack.Progress] 28% building import loader ./node_modules/@storybook/source-loader/dist/cjs/index.js
<s> [webpack.Progress] 28% building 1/3 entries 169/196 dependencies 5/122 modules
<s> [webpack.Progress] 28% building 1/3 entries 300/746 dependencies 7/150 modules
<s> [webpack.Progress] 28% building 1/3 entries 508/804 dependencies 9/207 modules
<s> [webpack.Progress] 28% building 1/3 entries 935/1200 dependencies 26/304 modules
<s> [webpack.Progress] 28% building 1/3 entries 1600/1692 dependencies 122/465 modules
<s> [webpack.Progress] 28% building 1/3 entries 1679/1800 dependencies 130/478 modules
<s> [webpack.Progress] 28% building 1/3 entries 2500/2585 dependencies 213/531 modules
<s> [webpack.Progress] 28% building 1/3 entries 3076/3125 dependencies 322/600 modules
<s> [webpack.Progress] 28% building 1/3 entries 3500/3696 dependencies 348/753 modules
<s> [webpack.Progress] 28% building 1/3 entries 3800/4029 dependencies 413/875 modules
<s> [webpack.Progress] 28% building 1/3 entries 4358/4400 dependencies 526/988 modules
<s> [webpack.Progress] 28% building 1/3 entries 4536/4900 dependencies 579/1013 modules
<s> [webpack.Progress] 28% building 1/3 entries 5022/5100 dependencies 626/1091 modules
<s> [webpack.Progress] 28% building 1/3 entries 6437/6462 dependencies 776/1700 modules
<s> [webpack.Progress] 28% building 1/3 entries 6450/6500 dependencies 777/1713 modules
<s> [webpack.Progress] 28% building 1/3 entries 6639/6700 dependencies 831/1720 modules
<s> [webpack.Progress] 28% building 1/3 entries 6809/6900 dependencies 910/1727 modules
<s> [webpack.Progress] 28% building 1/3 entries 7088/7089 dependencies 1100/1728 modules
<s> [webpack.Progress] 28% building 1/3 entries 7226/7300 dependencies 1222/1728 modules
<s> [webpack.Progress] 28% building 1/3 entries 7299/7400 dependencies 1278/1728 modules
<s> [webpack.Progress] 28% building 1/3 entries 7637/7700 dependencies 1497/1780 modules
<s> [webpack.Progress] 29% building 1/3 entries 8048/8100 dependencies 1746/1898 modules
<s> [webpack.Progress] 29% building 1/3 entries 8262/8300 dependencies 1812/1944 modules
<s> [webpack.Progress] 31% building 1/3 entries 8600/8608 dependencies 1921/2039 modules
<s> [webpack.Progress] 46% building 2/3 entries 8720/8720 dependencies 2041/2058 modules
<s> [webpack.Progress] 65% building 3/3 entries 8722/8722 dependencies 2058/2058 modules
<s> [webpack.Progress] 65% building
<s> [webpack.Progress] 69% building finish
<s> [webpack.Progress] 69% building finish
<s> [webpack.Progress] 70% sealing finish module graph
<s> [webpack.Progress] 70% sealing finish module graph ResolverCachePlugin
<s> [webpack.Progress] 70% sealing finish module graph InferAsyncModulesPlugin
<s> [webpack.Progress] 70% sealing finish module graph FlagDependencyExportsPlugin
<s> [webpack.Progress] 70% sealing finish module graph InnerGraphPlugin
<s> [webpack.Progress] 70% sealing finish module graph WasmFinalizeExportsPlugin
<s> [webpack.Progress] 70% sealing finish module graph
<s> [webpack.Progress] 70% sealing plugins
<s> [webpack.Progress] 70% sealing plugins DocGenPlugin
DeprecationWarning: 'createIdentifier' has been deprecated since v4.0.0. Use the appropriate method on 'ts.factory' or the 'factory' supplied by your transformation context instead.
DeprecationWarning: '' has been deprecated since v4.0.0. Use the appropriate method on 'ts.factory' or the 'factory' supplied by your transformation context instead.
DeprecationWarning: 'createLiteral' has been deprecated since v4.0.0. Use `factory.createStringLiteral`, `factory.createStringLiteralFromNode`, `factory.createNumericLiteral`, `factory.createBigIntLiteral`, `factory.createTrue`, `factory.createFalse`, or the factory supplied by your transformation context instead.
DeprecationWarning: 'createBinaryExpression' has been deprecated since v4.0.0. Use the appropriate method on 'ts.factory' or the 'factory' supplied by your transformation context instead.
DeprecationWarning: 'createExpressionStatement' has been deprecated since v4.0.0. Use the appropriate method on 'ts.factory' or the 'factory' supplied by your transformation context instead.
DeprecationWarning: 'createPropertyAssignment' has been deprecated since v4.0.0. Use the appropriate method on 'ts.factory' or the 'factory' supplied by your transformation context instead.
DeprecationWarning: 'createNull' has been deprecated since v4.0.0. Use the appropriate method on 'ts.factory' or the 'factory' supplied by your transformation context instead.
DeprecationWarning: 'createTrue' has been deprecated since v4.0.0. Use the appropriate method on 'ts.factory' or the 'factory' supplied by your transformation context instead.
DeprecationWarning: 'createObjectLiteralExpression' has been deprecated since v4.0.0. Use the appropriate method on 'ts.factory' or the 'factory' supplied by your transformation context instead.
DeprecationWarning: 'createExpressionStatement' has been deprecated since v4.0.0. Use the appropriate method on 'ts.factory' or the 'factory' supplied by your transformation context instead.
DeprecationWarning: 'createTypeOfExpression' has been deprecated since v4.0.0. Use the appropriate method on 'ts.factory' or the 'factory' supplied by your transformation context instead.
DeprecationWarning: 'createElementAccessExpression' has been deprecated since v4.0.0. Use the appropriate method on 'ts.factory' or the 'factory' supplied by your transformation context instead.
DeprecationWarning: 'createIfStatement' has been deprecated since v4.0.0. Use the appropriate method on 'ts.factory' or the 'factory' supplied by your transformation context instead.
DeprecationWarning: 'createBlock' has been deprecated since v4.0.0. Use the appropriate method on 'ts.factory' or the 'factory' supplied by your transformation context instead.
DeprecationWarning: 'createVariableDeclaration' has been deprecated since v4.0.0. Use the appropriate method on 'ts.factory' or the 'factory' supplied by your transformation context instead.
DeprecationWarning: 'createCatchClause' has been deprecated since v4.0.0. Use the appropriate method on 'ts.factory' or the 'factory' supplied by your transformation context instead.
DeprecationWarning: 'createTryStatement' has been deprecated since v4.0.0. Use the appropriate method on 'ts.factory' or the 'factory' supplied by your transformation context instead.
DeprecationWarning: 'createFalse' has been deprecated since v4.0.0. Use the appropriate method on 'ts.factory' or the 'factory' supplied by your transformation context instead.
<s> [webpack.Progress] 70% sealing plugins WarnCaseSensitiveModulesPlugin
<s> [webpack.Progress] 70% sealing plugins
<s> [webpack.Progress] 71% sealing dependencies optimization
<s> [webpack.Progress] 71% sealing dependencies optimization SideEffectsFlagPlugin
<s> [webpack.Progress] 71% sealing dependencies optimization FlagDependencyUsagePlugin
<s> [webpack.Progress] 71% sealing dependencies optimization
<s> [webpack.Progress] 71% sealing after dependencies optimization
<s> [webpack.Progress] 71% sealing after dependencies optimization
<s> [webpack.Progress] 72% sealing chunk graph
<s> [webpack.Progress] 72% sealing chunk graph
<s> [webpack.Progress] 73% sealing after chunk graph
<s> [webpack.Progress] 73% sealing after chunk graph
<s> [webpack.Progress] 73% sealing optimizing
<s> [webpack.Progress] 73% sealing optimizing
<s> [webpack.Progress] 74% sealing module optimization
<s> [webpack.Progress] 74% sealing module optimization
<s> [webpack.Progress] 75% sealing after module optimization
<s> [webpack.Progress] 75% sealing after module optimization
<s> [webpack.Progress] 75% sealing chunk optimization
<s> [webpack.Progress] 75% sealing chunk optimization EnsureChunkConditionsPlugin
<s> [webpack.Progress] 75% sealing chunk optimization RemoveEmptyChunksPlugin
<s> [webpack.Progress] 75% sealing chunk optimization MergeDuplicateChunksPlugin
<s> [webpack.Progress] 75% sealing chunk optimization SplitChunksPlugin
<s> [webpack.Progress] 75% sealing chunk optimization RemoveEmptyChunksPlugin
<s> [webpack.Progress] 75% sealing chunk optimization
<s> [webpack.Progress] 76% sealing after chunk optimization
<s> [webpack.Progress] 76% sealing after chunk optimization
<s> [webpack.Progress] 77% sealing module and chunk tree optimization
<s> [webpack.Progress] 77% sealing module and chunk tree optimization PersistentChildCompilerSingletonPlugin
<s> [webpack.Progress] 77% sealing module and chunk tree optimization
<s> [webpack.Progress] 77% sealing after module and chunk tree optimization
<s> [webpack.Progress] 77% sealing after module and chunk tree optimization
<s> [webpack.Progress] 78% sealing chunk modules optimization
<s> [webpack.Progress] 78% sealing chunk modules optimization ModuleConcatenationPlugin
<s> [webpack.Progress] 78% sealing chunk modules optimization
<s> [webpack.Progress] 78% sealing after chunk modules optimization
<s> [webpack.Progress] 78% sealing after chunk modules optimization
<s> [webpack.Progress] 79% sealing module reviving
<s> [webpack.Progress] 79% sealing module reviving RecordIdsPlugin
<s> [webpack.Progress] 79% sealing module reviving
<s> [webpack.Progress] 80% sealing before module ids
<s> [webpack.Progress] 80% sealing before module ids
<s> [webpack.Progress] 80% sealing module ids
<s> [webpack.Progress] 80% sealing module ids NamedModuleIdsPlugin
<s> [webpack.Progress] 80% sealing module ids
<s> [webpack.Progress] 81% sealing module id optimization
<s> [webpack.Progress] 81% sealing module id optimization
<s> [webpack.Progress] 82% sealing module id optimization
<s> [webpack.Progress] 82% sealing module id optimization
<s> [webpack.Progress] 82% sealing chunk reviving
<s> [webpack.Progress] 82% sealing chunk reviving RecordIdsPlugin
<s> [webpack.Progress] 82% sealing chunk reviving
<s> [webpack.Progress] 83% sealing before chunk ids
<s> [webpack.Progress] 83% sealing before chunk ids
<s> [webpack.Progress] 84% sealing chunk ids
<s> [webpack.Progress] 84% sealing chunk ids DeterministicChunkIdsPlugin
<s> [webpack.Progress] 84% sealing chunk ids
<s> [webpack.Progress] 84% sealing chunk id optimization
<s> [webpack.Progress] 84% sealing chunk id optimization FlagIncludedChunksPlugin
<s> [webpack.Progress] 84% sealing chunk id optimization
<s> [webpack.Progress] 85% sealing after chunk id optimization
<s> [webpack.Progress] 85% sealing after chunk id optimization
<s> [webpack.Progress] 86% sealing record modules
<s> [webpack.Progress] 86% sealing record modules RecordIdsPlugin
<s> [webpack.Progress] 86% sealing record modules
<s> [webpack.Progress] 86% sealing record chunks
<s> [webpack.Progress] 86% sealing record chunks RecordIdsPlugin
<s> [webpack.Progress] 86% sealing record chunks
<s> [webpack.Progress] 87% sealing module hashing
<s> [webpack.Progress] 87% sealing module hashing
<s> [webpack.Progress] 87% sealing code generation
<s> [webpack.Progress] 87% sealing code generation
<s> [webpack.Progress] 88% sealing runtime requirements
<s> [webpack.Progress] 88% sealing runtime requirements
<s> [webpack.Progress] 89% sealing hashing
<s> [webpack.Progress] 89% sealing hashing
<s> [webpack.Progress] 89% sealing after hashing
<s> [webpack.Progress] 89% sealing after hashing
<s> [webpack.Progress] 90% sealing record hash
<s> [webpack.Progress] 90% sealing record hash
<s> [webpack.Progress] 91% sealing module assets processing
<s> [webpack.Progress] 91% sealing module assets processing
<s> [webpack.Progress] 91% sealing chunk assets processing
<s> [webpack.Progress] 91% sealing chunk assets processing
<s> [webpack.Progress] 92% sealing asset processing
<s> [webpack.Progress] 92% sealing asset processing PersistentChildCompilerSingletonPlugin
<s> [webpack.Progress] 92% sealing asset processing TerserPlugin
Killed
